<?xml version="1.0" encoding="UTF-8"?>
<!-- Generated by org.testng.reporters.JUnitReportReporter -->
<testsuite hostname="Mitrah222" failures="0" tests="1" name="testcase.SwagLabs" time="10.015" errors="0" timestamp="2023-09-20T18:25:10 IST" skipped="0">
  <testcase classname="testcase.SwagLabs" name="salesforceTest" time="10.015"/>
  <system-out/>
</testsuite> <!-- testcase.SwagLabs -->
