<?xml version="1.0" encoding="UTF-8"?>
<!-- Generated by org.testng.reporters.JUnitReportReporter -->
<testsuite hostname="Mitrah222" failures="0" tests="1" name="testcase.SwagLabs" time="6.185" errors="0" timestamp="2023-09-20T16:10:06 IST" skipped="0">
  <testcase classname="testcase.SwagLabs" name="salesforceTest" time="6.185"/>
  <system-out/>
</testsuite> <!-- testcase.SwagLabs -->
